<?xml version="1.0" encoding="UTF-8"?>
<!-- Generated by org.testng.reporters.JUnitXMLReporter -->
<testsuite ignored="3" hostname="DESKTOP-LVQ2QQ2" failures="0" tests="1" name="Default test" time="9.408" errors="0" timestamp="2023-12-26T20:05:20 ICT">
  <testcase classname="automation.testsuite.test" name="LoginSuccessfully" time="1.976"/>
  <testcase classname="automation.testsuite.test" name="LoginFailIncorrertEmail_Password" time="0.0">
    <ignored/>
  </testcase> <!-- LoginFailIncorrertEmail_Password -->
  <testcase classname="automation.testsuite.test" name="LoginFailIncorrertPassword" time="0.0">
    <ignored/>
  </testcase> <!-- LoginFailIncorrertPassword -->
  <testcase classname="automation.testsuite.test" name="LoginFailIncorrertEmail" time="0.0">
    <ignored/>
  </testcase> <!-- LoginFailIncorrertEmail -->
</testsuite> <!-- Default test -->
