<?xml version="1.0" encoding="UTF-8"?>
<testng-results ignored="3" total="4" passed="1" failed="0" skipped="0">
  <reporter-output>
  </reporter-output>
  <suite started-at="2023-12-26T20:05:11 ICT" name="Default suite" finished-at="2023-12-26T20:05:20 ICT" duration-ms="9408">
    <groups>
    </groups>
    <test started-at="2023-12-26T20:05:11 ICT" name="Default test" finished-at="2023-12-26T20:05:20 ICT" duration-ms="9408">
      <class name="automation.testsuite.test">
        <test-method is-config="true" signature="openDriver(java.lang.String)[pri:0, instance:automation.testsuite.test@53ce1329]" started-at="2023-12-26T20:05:11 ICT" name="openDriver" finished-at="2023-12-26T20:05:18 ICT" duration-ms="7204" status="PASS">
          <params>
            <param index="0">
              <value>
                <![CDATA[chrome]]>
              </value>
            </param>
          </params>
          <reporter-output>
          </reporter-output>
        </test-method> <!-- openDriver -->
        <test-method signature="LoginSuccessfully()[pri:1, instance:automation.testsuite.test@53ce1329]" started-at="2023-12-26T20:05:18 ICT" name="LoginSuccessfully" finished-at="2023-12-26T20:05:20 ICT" duration-ms="1976" status="PASS">
          <reporter-output>
          </reporter-output>
        </test-method> <!-- LoginSuccessfully -->
        <test-method is-config="true" signature="closeChrome()[pri:0, instance:automation.testsuite.test@53ce1329]" started-at="2023-12-26T20:05:20 ICT" name="closeChrome" finished-at="2023-12-26T20:05:20 ICT" duration-ms="188" status="PASS">
          <reporter-output>
          </reporter-output>
        </test-method> <!-- closeChrome -->
      </class> <!-- automation.testsuite.test -->
    </test> <!-- Default test -->
  </suite> <!-- Default suite -->
</testng-results>
